#-----------------------------------------------------------
# Vivado v2018.3 (64-bit)
# SW Build 2405991 on Thu Dec  6 23:38:27 MST 2018
# IP Build 2404404 on Fri Dec  7 01:43:56 MST 2018
# Start of session at: Fri Jun 14 14:55:29 2019
# Process ID: 6816
# Current directory: C:/Users/hp/Desktop/12/github/DNN-accelerator-on-zynq/DD_FIR
# Command line: vivado.exe -gui_launcher_event rodinguilauncherevent3600 C:\Users\hp\Desktop\12\github\DNN-accelerator-on-zynq\DD_FIR\DD_FIR.xpr
# Log file: C:/Users/hp/Desktop/12/github/DNN-accelerator-on-zynq/DD_FIR/vivado.log
# Journal file: C:/Users/hp/Desktop/12/github/DNN-accelerator-on-zynq/DD_FIR\vivado.jou
#-----------------------------------------------------------
start_gui
open_project C:/Users/hp/Desktop/12/github/DNN-accelerator-on-zynq/DD_FIR/DD_FIR.xpr
Scanning sources...
Finished scanning sources
INFO: [IP_Flow 19-234] Refreshing IP repositories
INFO: [IP_Flow 19-1704] No user IP repositories specified
INFO: [IP_Flow 19-2313] Loaded Vivado IP repository 'C:/Xilinx/Vivado/2018.3/data/ip'.
open_project: Time (s): cpu = 00:00:23 ; elapsed = 00:00:10 . Memory (MB): peak = 787.102 ; gain = 147.098
update_compile_order -fileset sources_1
reset_run synth_1
launch_runs impl_1 -to_step write_bitstream -jobs 4
[Fri Jun 14 14:56:20 2019] Launched synth_1...
Run output will be captured here: C:/Users/hp/Desktop/12/github/DNN-accelerator-on-zynq/DD_FIR/DD_FIR.runs/synth_1/runme.log
[Fri Jun 14 14:56:20 2019] Launched impl_1...
Run output will be captured here: C:/Users/hp/Desktop/12/github/DNN-accelerator-on-zynq/DD_FIR/DD_FIR.runs/impl_1/runme.log
exit
INFO: [Common 17-206] Exiting Vivado at Fri Jun 14 16:27:03 2019...
