#-----------------------------------------------------------
# Vivado v2018.3 (64-bit)
# SW Build 2405991 on Thu Dec  6 23:38:27 MST 2018
# IP Build 2404404 on Fri Dec  7 01:43:56 MST 2018
# Start of session at: Sun Jun 16 18:49:10 2019
# Process ID: 5800
# Current directory: C:/Users/hp/Desktop/12/github/DNN-accelerator-on-zynq/DD_FIR
# Command line: vivado.exe -gui_launcher_event rodinguilauncherevent2436 C:\Users\hp\Desktop\12\github\DNN-accelerator-on-zynq\DD_FIR\DD_FIR.xpr
# Log file: C:/Users/hp/Desktop/12/github/DNN-accelerator-on-zynq/DD_FIR/vivado.log
# Journal file: C:/Users/hp/Desktop/12/github/DNN-accelerator-on-zynq/DD_FIR\vivado.jou
#-----------------------------------------------------------
start_gui
open_project C:/Users/hp/Desktop/12/github/DNN-accelerator-on-zynq/DD_FIR/DD_FIR.xpr
Scanning sources...
Finished scanning sources
INFO: [IP_Flow 19-234] Refreshing IP repositories
INFO: [IP_Flow 19-1704] No user IP repositories specified
INFO: [IP_Flow 19-2313] Loaded Vivado IP repository 'C:/Xilinx/Vivado/2018.3/data/ip'.
open_project: Time (s): cpu = 00:00:24 ; elapsed = 00:00:15 . Memory (MB): peak = 774.320 ; gain = 183.887
update_compile_order -fileset sources_1
update_compile_order -fileset sources_1
reset_run synth_1
launch_runs impl_1 -to_step write_bitstream -jobs 4
[Sun Jun 16 18:53:12 2019] Launched synth_1...
Run output will be captured here: C:/Users/hp/Desktop/12/github/DNN-accelerator-on-zynq/DD_FIR/DD_FIR.runs/synth_1/runme.log
[Sun Jun 16 18:53:12 2019] Launched impl_1...
Run output will be captured here: C:/Users/hp/Desktop/12/github/DNN-accelerator-on-zynq/DD_FIR/DD_FIR.runs/impl_1/runme.log
update_compile_order -fileset sources_1
reset_run synth_1
launch_runs impl_1 -to_step write_bitstream -jobs 4
[Sun Jun 16 19:06:33 2019] Launched synth_1...
Run output will be captured here: C:/Users/hp/Desktop/12/github/DNN-accelerator-on-zynq/DD_FIR/DD_FIR.runs/synth_1/runme.log
[Sun Jun 16 19:06:33 2019] Launched impl_1...
Run output will be captured here: C:/Users/hp/Desktop/12/github/DNN-accelerator-on-zynq/DD_FIR/DD_FIR.runs/impl_1/runme.log
update_compile_order -fileset sources_1
reset_run synth_1
launch_runs impl_1 -to_step write_bitstream -jobs 4
[Sun Jun 16 19:12:27 2019] Launched synth_1...
Run output will be captured here: C:/Users/hp/Desktop/12/github/DNN-accelerator-on-zynq/DD_FIR/DD_FIR.runs/synth_1/runme.log
[Sun Jun 16 19:12:27 2019] Launched impl_1...
Run output will be captured here: C:/Users/hp/Desktop/12/github/DNN-accelerator-on-zynq/DD_FIR/DD_FIR.runs/impl_1/runme.log
update_compile_order -fileset sources_1
reset_run synth_1
launch_runs impl_1 -to_step write_bitstream -jobs 4
[Sun Jun 16 19:18:57 2019] Launched synth_1...
Run output will be captured here: C:/Users/hp/Desktop/12/github/DNN-accelerator-on-zynq/DD_FIR/DD_FIR.runs/synth_1/runme.log
[Sun Jun 16 19:18:57 2019] Launched impl_1...
Run output will be captured here: C:/Users/hp/Desktop/12/github/DNN-accelerator-on-zynq/DD_FIR/DD_FIR.runs/impl_1/runme.log
reset_run synth_1
update_compile_order -fileset sources_1
launch_runs impl_1 -to_step write_bitstream -jobs 4
[Sun Jun 16 19:22:43 2019] Launched synth_1...
Run output will be captured here: C:/Users/hp/Desktop/12/github/DNN-accelerator-on-zynq/DD_FIR/DD_FIR.runs/synth_1/runme.log
[Sun Jun 16 19:22:43 2019] Launched impl_1...
Run output will be captured here: C:/Users/hp/Desktop/12/github/DNN-accelerator-on-zynq/DD_FIR/DD_FIR.runs/impl_1/runme.log
exit
INFO: [Common 17-206] Exiting Vivado at Sun Jun 16 19:37:00 2019...
