#-----------------------------------------------------------
# Vivado v2018.3 (64-bit)
# SW Build 2405991 on Thu Dec  6 23:38:27 MST 2018
# IP Build 2404404 on Fri Dec  7 01:43:56 MST 2018
# Start of session at: Wed Jun 12 19:25:36 2019
# Process ID: 2200
# Current directory: C:/Users/hp/Desktop/12/github/DNN-accelerator-on-zynq/DD_FIR
# Command line: vivado.exe -gui_launcher_event rodinguilauncherevent1512 C:\Users\hp\Desktop\12\github\DNN-accelerator-on-zynq\DD_FIR\DD_FIR.xpr
# Log file: C:/Users/hp/Desktop/12/github/DNN-accelerator-on-zynq/DD_FIR/vivado.log
# Journal file: C:/Users/hp/Desktop/12/github/DNN-accelerator-on-zynq/DD_FIR\vivado.jou
#-----------------------------------------------------------
start_gui
open_project C:/Users/hp/Desktop/12/github/DNN-accelerator-on-zynq/DD_FIR/DD_FIR.xpr
Scanning sources...
Finished scanning sources
INFO: [IP_Flow 19-234] Refreshing IP repositories
INFO: [IP_Flow 19-1704] No user IP repositories specified
INFO: [IP_Flow 19-2313] Loaded Vivado IP repository 'C:/Xilinx/Vivado/2018.3/data/ip'.
open_project: Time (s): cpu = 00:00:28 ; elapsed = 00:00:12 . Memory (MB): peak = 821.883 ; gain = 211.371
update_compile_order -fileset sources_1
update_compile_order -fileset sources_1
reset_run synth_1
launch_runs impl_1 -to_step write_bitstream -jobs 4
[Wed Jun 12 19:36:42 2019] Launched synth_1...
Run output will be captured here: C:/Users/hp/Desktop/12/github/DNN-accelerator-on-zynq/DD_FIR/DD_FIR.runs/synth_1/runme.log
[Wed Jun 12 19:36:42 2019] Launched impl_1...
Run output will be captured here: C:/Users/hp/Desktop/12/github/DNN-accelerator-on-zynq/DD_FIR/DD_FIR.runs/impl_1/runme.log
set_property needs_refresh false [get_runs synth_1]
set_property needs_refresh false [get_runs impl_1]
reset_run synth_1
launch_runs impl_1 -to_step write_bitstream -jobs 4
[Wed Jun 12 19:45:53 2019] Launched synth_1...
Run output will be captured here: C:/Users/hp/Desktop/12/github/DNN-accelerator-on-zynq/DD_FIR/DD_FIR.runs/synth_1/runme.log
[Wed Jun 12 19:45:53 2019] Launched impl_1...
Run output will be captured here: C:/Users/hp/Desktop/12/github/DNN-accelerator-on-zynq/DD_FIR/DD_FIR.runs/impl_1/runme.log
reset_run synth_1
launch_runs impl_1 -jobs 4
[Wed Jun 12 19:52:46 2019] Launched synth_1...
Run output will be captured here: C:/Users/hp/Desktop/12/github/DNN-accelerator-on-zynq/DD_FIR/DD_FIR.runs/synth_1/runme.log
[Wed Jun 12 19:52:46 2019] Launched impl_1...
Run output will be captured here: C:/Users/hp/Desktop/12/github/DNN-accelerator-on-zynq/DD_FIR/DD_FIR.runs/impl_1/runme.log
reset_run synth_1
launch_runs impl_1 -to_step write_bitstream -jobs 4
[Wed Jun 12 20:01:28 2019] Launched synth_1...
Run output will be captured here: C:/Users/hp/Desktop/12/github/DNN-accelerator-on-zynq/DD_FIR/DD_FIR.runs/synth_1/runme.log
[Wed Jun 12 20:01:28 2019] Launched impl_1...
Run output will be captured here: C:/Users/hp/Desktop/12/github/DNN-accelerator-on-zynq/DD_FIR/DD_FIR.runs/impl_1/runme.log
add_files -norecurse -scan_for_includes {C:/Users/hp/Desktop/12/github/DNN-accelerator-on-zynq/DD_FIR/DD_FIR.srcs/sources_1/imports/vivado_demo/code/fp16_cal.v C:/Users/hp/Desktop/12/github/DNN-accelerator-on-zynq/DD_FIR/DD_FIR.srcs/sources_1/imports/vivado_demo/code/fp16_align.v C:/Users/hp/Desktop/12/github/DNN-accelerator-on-zynq/DD_FIR/DD_FIR.srcs/sources_1/imports/vivado_demo/code/multiplier16.v C:/Users/hp/Desktop/12/github/DNN-accelerator-on-zynq/DD_FIR/DD_FIR.srcs/sources_1/imports/vivado_demo/code/fp16_norm.v}
update_compile_order -fileset sources_1
reset_run synth_1
launch_runs impl_1 -to_step write_bitstream -jobs 4
[Wed Jun 12 20:04:41 2019] Launched synth_1...
Run output will be captured here: C:/Users/hp/Desktop/12/github/DNN-accelerator-on-zynq/DD_FIR/DD_FIR.runs/synth_1/runme.log
[Wed Jun 12 20:04:41 2019] Launched impl_1...
Run output will be captured here: C:/Users/hp/Desktop/12/github/DNN-accelerator-on-zynq/DD_FIR/DD_FIR.runs/impl_1/runme.log
reset_run synth_1
launch_runs impl_1 -to_step write_bitstream -jobs 4
[Wed Jun 12 20:11:51 2019] Launched synth_1...
Run output will be captured here: C:/Users/hp/Desktop/12/github/DNN-accelerator-on-zynq/DD_FIR/DD_FIR.runs/synth_1/runme.log
[Wed Jun 12 20:11:51 2019] Launched impl_1...
Run output will be captured here: C:/Users/hp/Desktop/12/github/DNN-accelerator-on-zynq/DD_FIR/DD_FIR.runs/impl_1/runme.log
reset_run impl_1
launch_runs impl_1 -jobs 4
[Wed Jun 12 20:27:38 2019] Launched impl_1...
Run output will be captured here: C:/Users/hp/Desktop/12/github/DNN-accelerator-on-zynq/DD_FIR/DD_FIR.runs/impl_1/runme.log
reset_run synth_1
launch_runs impl_1 -to_step write_bitstream -jobs 4
[Wed Jun 12 20:52:20 2019] Launched synth_1...
Run output will be captured here: C:/Users/hp/Desktop/12/github/DNN-accelerator-on-zynq/DD_FIR/DD_FIR.runs/synth_1/runme.log
[Wed Jun 12 20:52:20 2019] Launched impl_1...
Run output will be captured here: C:/Users/hp/Desktop/12/github/DNN-accelerator-on-zynq/DD_FIR/DD_FIR.runs/impl_1/runme.log
reset_run synth_1
launch_runs impl_1 -to_step write_bitstream -jobs 4
[Wed Jun 12 20:56:04 2019] Launched synth_1...
Run output will be captured here: C:/Users/hp/Desktop/12/github/DNN-accelerator-on-zynq/DD_FIR/DD_FIR.runs/synth_1/runme.log
[Wed Jun 12 20:56:04 2019] Launched impl_1...
Run output will be captured here: C:/Users/hp/Desktop/12/github/DNN-accelerator-on-zynq/DD_FIR/DD_FIR.runs/impl_1/runme.log
exit
INFO: [Common 17-206] Exiting Vivado at Wed Jun 12 20:58:29 2019...
