Release 14.7 - ngc2edif P_INT.20180726 (nt64)
Copyright (c) 1995-2013 Xilinx, Inc.  All rights reserved.
Reading design system_vga_flyinglogo_0_wrapper.ngc ...
WARNING:NetListWriters:298 - No output is written to
   system_vga_flyinglogo_0_wrapper.xncf, ignored.
Processing design ...
   Preping design's networks ...
   Preping design's macros ...
  finished :Prep
Writing EDIF netlist file system_vga_flyinglogo_0_wrapper.edif ...
ngc2edif: Total memory usage is 4325620 kilobytes

Release 14.7 - ngc2edif P_INT.20180726 (nt64)
Copyright (c) 1995-2013 Xilinx, Inc.  All rights reserved.
Reading design system_util_vector_logic_0_wrapper.ngc ...
WARNING:NetListWriters:298 - No output is written to
   system_util_vector_logic_0_wrapper.xncf, ignored.
Processing design ...
   Preping design's networks ...
   Preping design's macros ...
  finished :Prep
Writing EDIF netlist file system_util_vector_logic_0_wrapper.edif ...
ngc2edif: Total memory usage is 4324596 kilobytes

Release 14.7 - ngc2edif P_INT.20180726 (nt64)
Copyright (c) 1995-2013 Xilinx, Inc.  All rights reserved.
Reading design system_processing_system7_0_wrapper.ngc ...
WARNING:NetListWriters:298 - No output is written to
   system_processing_system7_0_wrapper.xncf, ignored.
Processing design ...
   Preping design's networks ...
   Preping design's macros ...
  finished :Prep
Writing EDIF netlist file system_processing_system7_0_wrapper.edif ...
ngc2edif: Total memory usage is 4328884 kilobytes

Release 14.7 - ngc2edif P_INT.20180726 (nt64)
Copyright (c) 1995-2013 Xilinx, Inc.  All rights reserved.
Reading design system_clock_generator_0_wrapper.ngc ...
WARNING:NetListWriters:298 - No output is written to
   system_clock_generator_0_wrapper.xncf, ignored.
Processing design ...
   Preping design's networks ...
   Preping design's macros ...
  finished :Prep
Writing EDIF netlist file system_clock_generator_0_wrapper.edif ...
ngc2edif: Total memory usage is 4324596 kilobytes

Release 14.7 - ngc2edif P_INT.20180726 (nt64)
Copyright (c) 1995-2013 Xilinx, Inc.  All rights reserved.
Reading design system_axi_vdma_0_wrapper.ngc ...
WARNING:NetListWriters:298 - No output is written to
   system_axi_vdma_0_wrapper.xncf, ignored.
Processing design ...
   Preping design's networks ...
   Preping design's macros ...
WARNING:NetListWriters:306 - Signal bus
   axi_vdma_0/I_PRMRY_DATAMOVER/GEN_MM2S_FULL.I_MM2S_FULL_WRAPPER/sig_cmd2mstr_c
   ommand[67 : 0] on block system_axi_vdma_0_wrapper is not reconstructed,
   because there are some missing bus signals.
WARNING:NetListWriters:306 - Signal bus
   axi_vdma_0/GEN_SPRT_FOR_MM2S.I_MM2S_DMA_MNGR/I_CMDSTS/s_axis_cmd_tdata[65 :
   0] on block system_axi_vdma_0_wrapper is not reconstructed, because there are
   some missing bus signals.
WARNING:NetListWriters:306 - Signal bus
   axi_vdma_0/GEN_SPRT_FOR_MM2S.MM2S_REGISTER_MODULE_I/I_DMA_REGISTER/dmacr_i[6
   : 0] on block system_axi_vdma_0_wrapper is not reconstructed, because there
   are some missing bus signals.
WARNING:NetListWriters:306 - Signal bus
   axi_vdma_0/I_PRMRY_DATAMOVER/GEN_MM2S_FULL.I_MM2S_FULL_WRAPPER/I_RD_DATA_CNTL
   /sig_cmd_fifo_data_out[35 : 0] on block system_axi_vdma_0_wrapper is not
   reconstructed, because there are some missing bus signals.
WARNING:NetListWriters:306 - Signal bus
   axi_vdma_0/I_PRMRY_DATAMOVER/GEN_MM2S_FULL.I_MM2S_FULL_WRAPPER/I_MSTR_PCC/sig
   _xfer_end_strb_im2[6 : 1] on block system_axi_vdma_0_wrapper is not
   reconstructed, because there are some missing bus signals.
WARNING:NetListWriters:306 - Signal bus
   axi_vdma_0/I_PRMRY_DATAMOVER/GEN_MM2S_FULL.I_MM2S_FULL_WRAPPER/I_ADDR_CNTL/si
   g_aq_fifo_data_out[50 : 4] on block system_axi_vdma_0_wrapper is not
   reconstructed, because there are some missing bus signals.
WARNING:NetListWriters:306 - Signal bus
   axi_vdma_0/GEN_SPRT_FOR_MM2S.I_MM2S_DMA_MNGR/VIDEO_GENLOCK_I/Msub_rvc_frame_r
   ef_in_lut[2 : 0] on block system_axi_vdma_0_wrapper is not reconstructed,
   because there are some missing bus signals.
WARNING:NetListWriters:306 - Signal bus
   axi_vdma_0/GEN_SPRT_FOR_MM2S.I_MM2S_DMA_MNGR/I_SM/cmnd_data[63 : 0] on block
   system_axi_vdma_0_wrapper is not reconstructed, because there are some
   missing bus signals.
WARNING:NetListWriters:306 - Signal bus
   axi_vdma_0/GEN_SPRT_FOR_MM2S.I_MM2S_DMA_MNGR/I_CMDSTS/s_axis_cmd_tdata[71]_cm
   nd_data[71]_mux_1_OUT[65 : 0] on block system_axi_vdma_0_wrapper is not
   reconstructed, because there are some missing bus signals.
  finished :Prep
Writing EDIF netlist file system_axi_vdma_0_wrapper.edif ...
ngc2edif: Total memory usage is 4337908 kilobytes

Release 14.7 - ngc2edif P_INT.20180726 (nt64)
Copyright (c) 1995-2013 Xilinx, Inc.  All rights reserved.
Reading design system_axi_spdif_tx_0_wrapper.ngc ...
WARNING:NetListWriters:298 - No output is written to
   system_axi_spdif_tx_0_wrapper.xncf, ignored.
Processing design ...
   Preping design's networks ...
   Preping design's macros ...
WARNING:NetListWriters:306 - Signal bus axi_spdif_tx_0/ipif_Bus2IP_WrCE[7 : 0]
   on block system_axi_spdif_tx_0_wrapper is not reconstructed, because there
   are some missing bus signals.
WARNING:NetListWriters:306 - Signal bus axi_spdif_tx_0/ipif_Bus2IP_RdCE[7 : 0]
   on block system_axi_spdif_tx_0_wrapper is not reconstructed, because there
   are some missing bus signals.
  finished :Prep
Writing EDIF netlist file system_axi_spdif_tx_0_wrapper.edif ...
ngc2edif: Total memory usage is 4326644 kilobytes

Release 14.7 - ngc2edif P_INT.20180726 (nt64)
Copyright (c) 1995-2013 Xilinx, Inc.  All rights reserved.
Reading design system_axi_interconnect_3_wrapper.ngc ...
WARNING:NetListWriters:298 - No output is written to
   system_axi_interconnect_3_wrapper.xncf, ignored.
Processing design ...
   Preping design's networks ...
   Preping design's macros ...
  finished :Prep
Writing EDIF netlist file system_axi_interconnect_3_wrapper.edif ...
ngc2edif: Total memory usage is 4325620 kilobytes

Release 14.7 - ngc2edif P_INT.20180726 (nt64)
Copyright (c) 1995-2013 Xilinx, Inc.  All rights reserved.
Reading design system_axi_interconnect_2_wrapper.ngc ...
WARNING:NetListWriters:298 - No output is written to
   system_axi_interconnect_2_wrapper.xncf, ignored.
Processing design ...
   Preping design's networks ...
   Preping design's macros ...
WARNING:NetListWriters:306 - Signal bus
   U0/xst_fifo_generator/gaxi_full_lite.gread_ch.grdch2.axi_rdch/grf.rf/rstblk/n
   gwrdrst.grst.rd_rst_reg<2 : 0> on block
   system_axi_interconnect_2_wrapper_fifo_generator_v9_1_3 is not reconstructed,
   because there are some missing bus signals.
WARNING:NetListWriters:306 - Signal bus
   U0/xst_fifo_generator/gconvfifo.rf/grf.rf/rstblk/ngwrdrst.grst.rd_rst_reg<2 :
   0> on block system_axi_interconnect_2_wrapper_fifo_generator_v9_1_2 is not
   reconstructed, because there are some missing bus signals.
WARNING:NetListWriters:306 - Signal bus
   U0/xst_fifo_generator/gconvfifo.rf/grf.rf/rstblk/ngwrdrst.grst.rd_rst_reg<2 :
   0> on block system_axi_interconnect_2_wrapper_fifo_generator_v9_1_1_NO1 is
   not reconstructed, because there are some missing bus signals.
WARNING:NetListWriters:306 - Signal bus
   U0/xst_fifo_generator/gconvfifo.rf/grf.rf/rstblk/ngwrdrst.grst.rd_rst_reg<2 :
   0> on block system_axi_interconnect_2_wrapper_fifo_generator_v9_1_1 is not
   reconstructed, because there are some missing bus signals.
  finished :Prep
Writing EDIF netlist file system_axi_interconnect_2_wrapper.edif ...
ngc2edif: Total memory usage is 4329716 kilobytes

Release 14.7 - ngc2edif P_INT.20180726 (nt64)
Copyright (c) 1995-2013 Xilinx, Inc.  All rights reserved.
Reading design system_axi_interconnect_1_wrapper.ngc ...
WARNING:NetListWriters:298 - No output is written to
   system_axi_interconnect_1_wrapper.xncf, ignored.
Processing design ...
   Preping design's networks ...
   Preping design's macros ...
WARNING:NetListWriters:306 - Signal bus
   U0/xst_fifo_generator/gaxi_full_lite.gread_ch.grdch2.axi_rdch/grf.rf/rstblk/n
   gwrdrst.grst.rd_rst_reg<2 : 0> on block
   system_axi_interconnect_1_wrapper_fifo_generator_v9_1_3 is not reconstructed,
   because there are some missing bus signals.
WARNING:NetListWriters:306 - Signal bus
   U0/xst_fifo_generator/gconvfifo.rf/grf.rf/rstblk/ngwrdrst.grst.rd_rst_reg<2 :
   0> on block system_axi_interconnect_1_wrapper_fifo_generator_v9_1_2 is not
   reconstructed, because there are some missing bus signals.
WARNING:NetListWriters:306 - Signal bus
   U0/xst_fifo_generator/gconvfifo.rf/grf.rf/rstblk/ngwrdrst.grst.rd_rst_reg<2 :
   0> on block system_axi_interconnect_1_wrapper_fifo_generator_v9_1_1_NO1 is
   not reconstructed, because there are some missing bus signals.
WARNING:NetListWriters:306 - Signal bus
   U0/xst_fifo_generator/gconvfifo.rf/grf.rf/rstblk/ngwrdrst.grst.rd_rst_reg<2 :
   0> on block system_axi_interconnect_1_wrapper_fifo_generator_v9_1_1 is not
   reconstructed, because there are some missing bus signals.
WARNING:NetListWriters:306 - Signal bus
   axi_interconnect_1/crossbar_samd/gen_samd.crossbar_samd/gen_crossbar.addr_arb
   iter_ar/m_mesg_i<62 : 0> on block system_axi_interconnect_1_wrapper is not
   reconstructed, because there are some missing bus signals.
WARNING:NetListWriters:306 - Signal bus
   axi_interconnect_1/crossbar_samd/gen_samd.crossbar_samd/gen_crossbar.addr_arb
   iter_aw/m_mesg_i<62 : 1> on block system_axi_interconnect_1_wrapper is not
   reconstructed, because there are some missing bus signals.
WARNING:NetListWriters:306 - Signal bus
   axi_interconnect_1/si_converter_bank/gen_conv_slot[1].gen_upsizer.upsizer_ins
   t/si_register_slice_inst/ar_pipe/storage_data1<61 : 0> on block
   system_axi_interconnect_1_wrapper is not reconstructed, because there are
   some missing bus signals.
WARNING:NetListWriters:306 - Signal bus
   axi_interconnect_1/si_converter_bank/gen_conv_slot[0].gen_upsizer.upsizer_ins
   t/si_register_slice_inst/ar_pipe/storage_data1<61 : 0> on block
   system_axi_interconnect_1_wrapper is not reconstructed, because there are
   some missing bus signals.
WARNING:NetListWriters:306 - Signal bus
   axi_interconnect_1/si_converter_bank/gen_conv_slot[0].gen_upsizer.upsizer_ins
   t/si_register_slice_inst/aw_pipe/storage_data1<61 : 0> on block
   system_axi_interconnect_1_wrapper is not reconstructed, because there are
   some missing bus signals.
WARNING:NetListWriters:306 - Signal bus
   axi_interconnect_1/crossbar_samd/gen_samd.crossbar_samd/gen_crossbar.gen_slav
   e_slots[0].gen_si_write.wdata_router_w/wrouter_aw_fifo/n0063<10 : 0> on block
   system_axi_interconnect_1_wrapper is not reconstructed, because there are
   some missing bus signals.
WARNING:NetListWriters:306 - Signal bus
   axi_interconnect_1/crossbar_samd/gen_samd.crossbar_samd/gen_crossbar.gen_mast
   er_slots[0].gen_mi_write.wdata_mux_w/gen_wmux.wmux_aw_fifo/n0053<10 : 0> on
   block system_axi_interconnect_1_wrapper is not reconstructed, because there
   are some missing bus signals.
WARNING:NetListWriters:306 - Signal bus
   axi_interconnect_1/crossbar_samd/gen_samd.crossbar_samd/gen_crossbar.addr_arb
   iter_ar/m_mesg_mux<62 : 1> on block system_axi_interconnect_1_wrapper is not
   reconstructed, because there are some missing bus signals.
  finished :Prep
Writing EDIF netlist file system_axi_interconnect_1_wrapper.edif ...
ngc2edif: Total memory usage is 4336564 kilobytes

Release 14.7 - ngc2edif P_INT.20180726 (nt64)
Copyright (c) 1995-2013 Xilinx, Inc.  All rights reserved.
Reading design system_axi_interconnect_0_wrapper.ngc ...
WARNING:NetListWriters:298 - No output is written to
   system_axi_interconnect_0_wrapper.xncf, ignored.
Processing design ...
   Preping design's networks ...
   Preping design's macros ...
WARNING:NetListWriters:306 - Signal bus
   axi_interconnect_0/crossbar_samd/gen_sasd.crossbar_sasd_0/gen_crossbar.addr_a
   rbiter_inst/m_amesg_i<65 : 0> on block system_axi_interconnect_0_wrapper is
   not reconstructed, because there are some missing bus signals.
WARNING:NetListWriters:306 - Signal bus axi_interconnect_0/cb_mf_awvalid<5 : 2>
   on block system_axi_interconnect_0_wrapper is not reconstructed, because
   there are some missing bus signals.
WARNING:NetListWriters:306 - Signal bus
   axi_interconnect_0/crossbar_samd/gen_sasd.crossbar_sasd_0/gen_crossbar.addr_a
   rbiter_inst/s_amesg<65 : 0> on block system_axi_interconnect_0_wrapper is not
   reconstructed, because there are some missing bus signals.
  finished :Prep
Writing EDIF netlist file system_axi_interconnect_0_wrapper.edif ...
ngc2edif: Total memory usage is 4327668 kilobytes

Release 14.7 - ngc2edif P_INT.20180726 (nt64)
Copyright (c) 1995-2013 Xilinx, Inc.  All rights reserved.
Reading design system_axi_iic_0_wrapper.ngc ...
WARNING:NetListWriters:298 - No output is written to
   system_axi_iic_0_wrapper.xncf, ignored.
Processing design ...
   Preping design's networks ...
   Preping design's macros ...
WARNING:NetListWriters:306 - Signal bus
   axi_iic_0/X_IIC/X_AXI_IPIF_SSP1/AXI_LITE_IPIF_I/I_SLAVE_ATTACHMENT/s_axi_rdat
   a_i[31 : 0] on block system_axi_iic_0_wrapper is not reconstructed, because
   there are some missing bus signals.
WARNING:NetListWriters:306 - Signal bus axi_iic_0/X_IIC/Bus2IIC_WrCE[8 : 0] on
   block system_axi_iic_0_wrapper is not reconstructed, because there are some
   missing bus signals.
WARNING:NetListWriters:306 - Signal bus
   axi_iic_0/X_IIC/X_AXI_IPIF_SSP1/AXI_IP2Bus_Data[31 : 0] on block
   system_axi_iic_0_wrapper is not reconstructed, because there are some missing
   bus signals.
WARNING:NetListWriters:306 - Signal bus
   axi_iic_0/X_IIC/X_AXI_IPIF_SSP1/AXI_Bus2IP_WrCE[16 : 10] on block
   system_axi_iic_0_wrapper is not reconstructed, because there are some missing
   bus signals.
WARNING:NetListWriters:306 - Signal bus
   axi_iic_0/X_IIC/X_AXI_IPIF_SSP1/AXI_LITE_IPIF_I/I_SLAVE_ATTACHMENT/I_DECODER/
   cs_out_i[2 : 0] on block system_axi_iic_0_wrapper is not reconstructed,
   because there are some missing bus signals.
WARNING:NetListWriters:306 - Signal bus
   axi_iic_0/X_IIC/X_AXI_IPIF_SSP1/AXI_LITE_IPIF_I/I_SLAVE_ATTACHMENT/I_DECODER/
   ce_expnd_i[34 : 7] on block system_axi_iic_0_wrapper is not reconstructed,
   because there are some missing bus signals.
WARNING:NetListWriters:306 - Signal bus
   axi_iic_0/X_IIC/REG_INTERFACE_I/timing_param_thddat_i[9]_GND_62_o_mux_91_OUT[
   8 : 0] on block system_axi_iic_0_wrapper is not reconstructed, because there
   are some missing bus signals.
WARNING:NetListWriters:306 - Signal bus
   axi_iic_0/X_IIC/REG_INTERFACE_I/timing_param_thdsta_i[9]_GND_62_o_mux_71_OUT[
   3 : 1] on block system_axi_iic_0_wrapper is not reconstructed, because there
   are some missing bus signals.
  finished :Prep
Writing EDIF netlist file system_axi_iic_0_wrapper.edif ...
ngc2edif: Total memory usage is 4326644 kilobytes

Release 14.7 - ngc2edif P_INT.20180726 (nt64)
Copyright (c) 1995-2013 Xilinx, Inc.  All rights reserved.
Reading design system_axi_hdmi_tx_16b_0_wrapper.ngc ...
WARNING:NetListWriters:298 - No output is written to
   system_axi_hdmi_tx_16b_0_wrapper.xncf, ignored.
Processing design ...
   Preping design's networks ...
   Preping design's macros ...
WARNING:NetListWriters:306 - Signal bus axi_hdmi_tx_16b_0/ipif_Bus2IP_WrCE<31 :
   0> on block system_axi_hdmi_tx_16b_0_wrapper is not reconstructed, because
   there are some missing bus signals.
WARNING:NetListWriters:306 - Signal bus axi_hdmi_tx_16b_0/ipif_Bus2IP_RdCE<31 :
   2> on block system_axi_hdmi_tx_16b_0_wrapper is not reconstructed, because
   there are some missing bus signals.
WARNING:NetListWriters:306 - Signal bus
   axi_hdmi_tx_16b_0/USER_LOGIC_I/up_rwce_s<30 : 0> on block
   system_axi_hdmi_tx_16b_0_wrapper is not reconstructed, because there are some
   missing bus signals.
WARNING:NetListWriters:306 - Signal bus
   axi_hdmi_tx_16b_0/USER_LOGIC_I/i_hdmi_tx_16b/i_hdmi/i_csc/i_csc_Cr/i_mul_c2/d
   ata_p<24 : 1> on block system_axi_hdmi_tx_16b_0_wrapper is not reconstructed,
   because there are some missing bus signals.
WARNING:NetListWriters:306 - Signal bus
   axi_hdmi_tx_16b_0/USER_LOGIC_I/i_hdmi_tx_16b/i_hdmi/i_csc/i_csc_Cr/i_mul_c3/d
   ata_p<23 : 2> on block system_axi_hdmi_tx_16b_0_wrapper is not reconstructed,
   because there are some missing bus signals.
WARNING:NetListWriters:306 - Signal bus
   axi_hdmi_tx_16b_0/USER_LOGIC_I/i_hdmi_tx_16b/i_hdmi/i_csc/i_csc_Cb/i_mul_c1/d
   ata_p<23 : 3> on block system_axi_hdmi_tx_16b_0_wrapper is not reconstructed,
   because there are some missing bus signals.
WARNING:NetListWriters:306 - Signal bus
   axi_hdmi_tx_16b_0/USER_LOGIC_I/i_hdmi_tx_16b/i_hdmi/i_csc/i_csc_Cb/i_mul_c2/d
   ata_p<23 : 1> on block system_axi_hdmi_tx_16b_0_wrapper is not reconstructed,
   because there are some missing bus signals.
WARNING:NetListWriters:306 - Signal bus
   axi_hdmi_tx_16b_0/USER_LOGIC_I/i_hdmi_tx_16b/i_hdmi/i_csc/i_csc_Cr/i_mul_c1/p
   2_data_p_0<23 : 0> on block system_axi_hdmi_tx_16b_0_wrapper is not
   reconstructed, because there are some missing bus signals.
WARNING:NetListWriters:306 - Signal bus
   axi_hdmi_tx_16b_0/USER_LOGIC_I/i_hdmi_tx_16b/i_hdmi/i_csc/i_csc_Cr/i_mul_c1/p
   1_data_p_0[23]_p1_data_p_4[23]_add_22_OUT<23 : 0> on block
   system_axi_hdmi_tx_16b_0_wrapper is not reconstructed, because there are some
   missing bus signals.
WARNING:NetListWriters:306 - Signal bus
   axi_hdmi_tx_16b_0/USER_LOGIC_I/i_hdmi_tx_16b/i_hdmi/i_csc/i_csc_Cr/i_mul_c1/p
   2_data_p_0[23]_p2_data_p_1[23]_add_28_OUT<23 : 0> on block
   system_axi_hdmi_tx_16b_0_wrapper is not reconstructed, because there are some
   missing bus signals.
WARNING:NetListWriters:306 - Signal bus
   axi_hdmi_tx_16b_0/USER_LOGIC_I/i_hdmi_tx_16b/i_hdmi/i_csc/i_csc_Cr/i_mul_c1/p
   1_data_p_2[23]_p1_data_p_3[23]_add_23_OUT<23 : 4> on block
   system_axi_hdmi_tx_16b_0_wrapper is not reconstructed, because there are some
   missing bus signals.
WARNING:NetListWriters:306 - Signal bus
   axi_hdmi_tx_16b_0/USER_LOGIC_I/i_hdmi_tx_16b/i_hdmi/i_csc/i_csc_Cr/i_mul_c1/d
   ata_b[7]_GND_56_o_wide_mux_11_OUT<23 : 6> on block
   system_axi_hdmi_tx_16b_0_wrapper is not reconstructed, because there are some
   missing bus signals.
WARNING:NetListWriters:306 - Signal bus
   axi_hdmi_tx_16b_0/USER_LOGIC_I/i_hdmi_tx_16b/i_hdmi/i_csc/i_csc_Cr/i_mul_c1/d
   ata_b[5]_GND_56_o_wide_mux_10_OUT<21 : 4> on block
   system_axi_hdmi_tx_16b_0_wrapper is not reconstructed, because there are some
   missing bus signals.
WARNING:NetListWriters:306 - Signal bus
   axi_hdmi_tx_16b_0/USER_LOGIC_I/i_hdmi_tx_16b/i_hdmi/i_csc/i_csc_Cr/i_mul_c1/d
   ata_b[3]_GND_56_o_wide_mux_9_OUT<19 : 2> on block
   system_axi_hdmi_tx_16b_0_wrapper is not reconstructed, because there are some
   missing bus signals.
WARNING:NetListWriters:306 - Signal bus
   axi_hdmi_tx_16b_0/USER_LOGIC_I/i_hdmi_tx_16b/i_hdmi/i_csc/i_csc_Cr/i_mul_c1/d
   ata_b[1]_p1_data_a_1n_s[23]_wide_mux_8_OUT<11 : 8> on block
   system_axi_hdmi_tx_16b_0_wrapper is not reconstructed, because there are some
   missing bus signals.
WARNING:NetListWriters:306 - Signal bus
   axi_hdmi_tx_16b_0/USER_LOGIC_I/i_hdmi_tx_16b/i_hdmi/i_csc/i_csc_Cr/i_mul_c1/p
   2_data_p_1<23 : 4> on block system_axi_hdmi_tx_16b_0_wrapper is not
   reconstructed, because there are some missing bus signals.
WARNING:NetListWriters:306 - Signal bus
   axi_hdmi_tx_16b_0/USER_LOGIC_I/i_hdmi_tx_16b/i_hdmi/i_csc/i_csc_Cr/i_mul_c2/p
   2_data_p_0<23 : 1> on block system_axi_hdmi_tx_16b_0_wrapper is not
   reconstructed, because there are some missing bus signals.
WARNING:NetListWriters:306 - Signal bus
   axi_hdmi_tx_16b_0/USER_LOGIC_I/i_hdmi_tx_16b/i_hdmi/i_csc/i_csc_Cr/i_mul_c2/p
   1_data_p_2<21 : 5> on block system_axi_hdmi_tx_16b_0_wrapper is not
   reconstructed, because there are some missing bus signals.
WARNING:NetListWriters:306 - Signal bus
   axi_hdmi_tx_16b_0/USER_LOGIC_I/i_hdmi_tx_16b/i_hdmi/i_csc/i_csc_Cr/i_mul_c2/p
   1_data_p_0[23]_p1_data_p_4[23]_add_22_OUT<23 : 1> on block
   system_axi_hdmi_tx_16b_0_wrapper is not reconstructed, because there are some
   missing bus signals.
WARNING:NetListWriters:306 - Signal bus
   axi_hdmi_tx_16b_0/USER_LOGIC_I/i_hdmi_tx_16b/i_hdmi/i_csc/i_csc_Cr/i_mul_c2/p
   2_data_p_0[23]_p2_data_p_1[23]_add_28_OUT<23 : 1> on block
   system_axi_hdmi_tx_16b_0_wrapper is not reconstructed, because there are some
   missing bus signals.
WARNING:NetListWriters:306 - Signal bus
   axi_hdmi_tx_16b_0/USER_LOGIC_I/i_hdmi_tx_16b/i_hdmi/i_csc/i_csc_Cr/i_mul_c2/p
   1_data_p_2[23]_p1_data_p_3[23]_add_23_OUT<23 : 5> on block
   system_axi_hdmi_tx_16b_0_wrapper is not reconstructed, because there are some
   missing bus signals.
WARNING:NetListWriters:306 - Signal bus
   axi_hdmi_tx_16b_0/USER_LOGIC_I/i_hdmi_tx_16b/i_hdmi/i_csc/i_csc_Cr/i_mul_c2/d
   ata_b[7]_GND_56_o_wide_mux_11_OUT<23 : 7> on block
   system_axi_hdmi_tx_16b_0_wrapper is not reconstructed, because there are some
   missing bus signals.
WARNING:NetListWriters:306 - Signal bus
   axi_hdmi_tx_16b_0/USER_LOGIC_I/i_hdmi_tx_16b/i_hdmi/i_csc/i_csc_Cr/i_mul_c2/d
   ata_b[5]_GND_56_o_wide_mux_10_OUT<21 : 5> on block
   system_axi_hdmi_tx_16b_0_wrapper is not reconstructed, because there are some
   missing bus signals.
WARNING:NetListWriters:306 - Signal bus
   axi_hdmi_tx_16b_0/USER_LOGIC_I/i_hdmi_tx_16b/i_hdmi/i_csc/i_csc_Cr/i_mul_c2/d
   ata_b[3]_GND_56_o_wide_mux_9_OUT<19 : 3> on block
   system_axi_hdmi_tx_16b_0_wrapper is not reconstructed, because there are some
   missing bus signals.
WARNING:NetListWriters:306 - Signal bus
   axi_hdmi_tx_16b_0/USER_LOGIC_I/i_hdmi_tx_16b/i_hdmi/i_csc/i_csc_Cr/i_mul_c2/d
   ata_b[1]_p1_data_a_1n_s[23]_wide_mux_8_OUT<11 : 8> on block
   system_axi_hdmi_tx_16b_0_wrapper is not reconstructed, because there are some
   missing bus signals.
WARNING:NetListWriters:306 - Signal bus
   axi_hdmi_tx_16b_0/USER_LOGIC_I/i_hdmi_tx_16b/i_hdmi/i_csc/i_csc_Cr/i_mul_c2/p
   2_data_p_1<23 : 5> on block system_axi_hdmi_tx_16b_0_wrapper is not
   reconstructed, because there are some missing bus signals.
WARNING:NetListWriters:306 - Signal bus
   axi_hdmi_tx_16b_0/USER_LOGIC_I/i_hdmi_tx_16b/i_hdmi/i_csc/i_csc_Cr/i_mul_c2/p
   1_data_p_3<23 : 7> on block system_axi_hdmi_tx_16b_0_wrapper is not
   reconstructed, because there are some missing bus signals.
WARNING:NetListWriters:306 - Signal bus
   axi_hdmi_tx_16b_0/USER_LOGIC_I/i_hdmi_tx_16b/i_hdmi/i_csc/i_csc_Cr/i_mul_c2/p
   1_data_p_1<19 : 3> on block system_axi_hdmi_tx_16b_0_wrapper is not
   reconstructed, because there are some missing bus signals.
WARNING:NetListWriters:306 - Signal bus
   axi_hdmi_tx_16b_0/USER_LOGIC_I/i_hdmi_tx_16b/i_hdmi/i_csc/i_csc_Cr/i_mul_c3/p
   2_data_p_0<23 : 2> on block system_axi_hdmi_tx_16b_0_wrapper is not
   reconstructed, because there are some missing bus signals.
WARNING:NetListWriters:306 - Signal bus
   axi_hdmi_tx_16b_0/USER_LOGIC_I/i_hdmi_tx_16b/i_hdmi/i_csc/i_csc_Cr/i_mul_c3/p
   1_data_p_2<21 : 6> on block system_axi_hdmi_tx_16b_0_wrapper is not
   reconstructed, because there are some missing bus signals.
WARNING:NetListWriters:306 - Signal bus
   axi_hdmi_tx_16b_0/USER_LOGIC_I/i_hdmi_tx_16b/i_hdmi/i_csc/i_csc_Cr/i_mul_c3/p
   1_data_p_0[23]_p1_data_p_4[23]_add_22_OUT<23 : 2> on block
   system_axi_hdmi_tx_16b_0_wrapper is not reconstructed, because there are some
   missing bus signals.
WARNING:NetListWriters:306 - Signal bus
   axi_hdmi_tx_16b_0/USER_LOGIC_I/i_hdmi_tx_16b/i_hdmi/i_csc/i_csc_Cr/i_mul_c3/p
   2_data_p_0[23]_p2_data_p_1[23]_add_28_OUT<23 : 2> on block
   system_axi_hdmi_tx_16b_0_wrapper is not reconstructed, because there are some
   missing bus signals.
WARNING:NetListWriters:306 - Signal bus
   axi_hdmi_tx_16b_0/USER_LOGIC_I/i_hdmi_tx_16b/i_hdmi/i_csc/i_csc_Cr/i_mul_c3/p
   1_data_p_2[23]_p1_data_p_3[23]_add_23_OUT<23 : 6> on block
   system_axi_hdmi_tx_16b_0_wrapper is not reconstructed, because there are some
   missing bus signals.
WARNING:NetListWriters:306 - Signal bus
   axi_hdmi_tx_16b_0/USER_LOGIC_I/i_hdmi_tx_16b/i_hdmi/i_csc/i_csc_Cr/i_mul_c3/d
   ata_b[7]_GND_56_o_wide_mux_11_OUT<23 : 8> on block
   system_axi_hdmi_tx_16b_0_wrapper is not reconstructed, because there are some
   missing bus signals.
WARNING:NetListWriters:306 - Signal bus
   axi_hdmi_tx_16b_0/USER_LOGIC_I/i_hdmi_tx_16b/i_hdmi/i_csc/i_csc_Cr/i_mul_c3/d
   ata_b[5]_GND_56_o_wide_mux_10_OUT<21 : 6> on block
   system_axi_hdmi_tx_16b_0_wrapper is not reconstructed, because there are some
   missing bus signals.
WARNING:NetListWriters:306 - Signal bus
   axi_hdmi_tx_16b_0/USER_LOGIC_I/i_hdmi_tx_16b/i_hdmi/i_csc/i_csc_Cr/i_mul_c3/d
   ata_b[3]_GND_56_o_wide_mux_9_OUT<19 : 4> on block
   system_axi_hdmi_tx_16b_0_wrapper is not reconstructed, because there are some
   missing bus signals.
WARNING:NetListWriters:306 - Signal bus
   axi_hdmi_tx_16b_0/USER_LOGIC_I/i_hdmi_tx_16b/i_hdmi/i_csc/i_csc_Cr/i_mul_c3/p
   2_data_p_1<23 : 6> on block system_axi_hdmi_tx_16b_0_wrapper is not
   reconstructed, because there are some missing bus signals.
WARNING:NetListWriters:306 - Signal bus
   axi_hdmi_tx_16b_0/USER_LOGIC_I/i_hdmi_tx_16b/i_hdmi/i_csc/i_csc_Cr/i_mul_c3/p
   1_data_p_3<23 : 8> on block system_axi_hdmi_tx_16b_0_wrapper is not
   reconstructed, because there are some missing bus signals.
WARNING:NetListWriters:306 - Signal bus
   axi_hdmi_tx_16b_0/USER_LOGIC_I/i_hdmi_tx_16b/i_hdmi/i_csc/i_csc_Cr/i_mul_c3/p
   1_data_p_1<19 : 4> on block system_axi_hdmi_tx_16b_0_wrapper is not
   reconstructed, because there are some missing bus signals.
WARNING:NetListWriters:306 - Signal bus
   axi_hdmi_tx_16b_0/USER_LOGIC_I/i_hdmi_tx_16b/i_hdmi/i_csc/i_csc_Y/i_mul_c1/p2
   _data_p_0<23 : 2> on block system_axi_hdmi_tx_16b_0_wrapper is not
   reconstructed, because there are some missing bus signals.
WARNING:NetListWriters:306 - Signal bus
   axi_hdmi_tx_16b_0/USER_LOGIC_I/i_hdmi_tx_16b/i_hdmi/i_csc/i_csc_Y/i_mul_c1/p1
   _data_p_0[23]_p1_data_p_4[23]_add_22_OUT<23 : 2> on block
   system_axi_hdmi_tx_16b_0_wrapper is not reconstructed, because there are some
   missing bus signals.
WARNING:NetListWriters:306 - Signal bus
   axi_hdmi_tx_16b_0/USER_LOGIC_I/i_hdmi_tx_16b/i_hdmi/i_csc/i_csc_Y/i_mul_c1/p2
   _data_p_0[23]_p2_data_p_1[23]_add_28_OUT<23 : 2> on block
   system_axi_hdmi_tx_16b_0_wrapper is not reconstructed, because there are some
   missing bus signals.
WARNING:NetListWriters:306 - Signal bus
   axi_hdmi_tx_16b_0/USER_LOGIC_I/i_hdmi_tx_16b/i_hdmi/i_csc/i_csc_Y/i_mul_c1/p1
   _data_p_2[23]_p1_data_p_3[23]_add_23_OUT<23 : 6> on block
   system_axi_hdmi_tx_16b_0_wrapper is not reconstructed, because there are some
   missing bus signals.
WARNING:NetListWriters:306 - Signal bus
   axi_hdmi_tx_16b_0/USER_LOGIC_I/i_hdmi_tx_16b/i_hdmi/i_csc/i_csc_Y/i_mul_c1/p2
   _data_p_1<23 : 6> on block system_axi_hdmi_tx_16b_0_wrapper is not
   reconstructed, because there are some missing bus signals.
WARNING:NetListWriters:306 - Signal bus
   axi_hdmi_tx_16b_0/USER_LOGIC_I/i_hdmi_tx_16b/i_hdmi/i_csc/i_csc_Y/i_mul_c2/p1
   _data_p_0[23]_p1_data_p_4[23]_add_22_OUT<23 : 8> on block
   system_axi_hdmi_tx_16b_0_wrapper is not reconstructed, because there are some
   missing bus signals.
WARNING:NetListWriters:306 - Signal bus
   axi_hdmi_tx_16b_0/USER_LOGIC_I/i_hdmi_tx_16b/i_hdmi/i_csc/i_csc_Y/i_mul_c2/p2
   _data_p_0[23]_p2_data_p_1[23]_add_28_OUT<23 : 8> on block
   system_axi_hdmi_tx_16b_0_wrapper is not reconstructed, because there are some
   missing bus signals.
WARNING:NetListWriters:306 - Signal bus
   axi_hdmi_tx_16b_0/USER_LOGIC_I/i_hdmi_tx_16b/i_hdmi/i_csc/i_csc_Y/i_mul_c2/p1
   _data_p_2[23]_p1_data_p_3[23]_add_23_OUT<18 : 12> on block
   system_axi_hdmi_tx_16b_0_wrapper is not reconstructed, because there are some
   missing bus signals.
WARNING:NetListWriters:306 - Signal bus
   axi_hdmi_tx_16b_0/USER_LOGIC_I/i_hdmi_tx_16b/i_hdmi/i_csc/i_csc_Y/i_mul_c2/p2
   _data_p_1<18 : 12> on block system_axi_hdmi_tx_16b_0_wrapper is not
   reconstructed, because there are some missing bus signals.
WARNING:NetListWriters:306 - Signal bus
   axi_hdmi_tx_16b_0/USER_LOGIC_I/i_hdmi_tx_16b/i_hdmi/i_csc/i_csc_Y/i_mul_c2/p2
   _data_p_0<23 : 8> on block system_axi_hdmi_tx_16b_0_wrapper is not
   reconstructed, because there are some missing bus signals.
WARNING:NetListWriters:306 - Signal bus
   axi_hdmi_tx_16b_0/USER_LOGIC_I/i_hdmi_tx_16b/i_hdmi/i_csc/i_csc_Y/i_mul_c3/p2
   _data_p_0<15 : 3> on block system_axi_hdmi_tx_16b_0_wrapper is not
   reconstructed, because there are some missing bus signals.
WARNING:NetListWriters:306 - Signal bus
   axi_hdmi_tx_16b_0/USER_LOGIC_I/i_hdmi_tx_16b/i_hdmi/i_csc/i_csc_Y/i_mul_c3/p1
   _data_p_0[23]_p1_data_p_4[23]_add_22_OUT<15 : 3> on block
   system_axi_hdmi_tx_16b_0_wrapper is not reconstructed, because there are some
   missing bus signals.
WARNING:NetListWriters:306 - Signal bus
   axi_hdmi_tx_16b_0/USER_LOGIC_I/i_hdmi_tx_16b/i_hdmi/i_csc/i_csc_Y/i_mul_c3/p2
   _data_p_0[23]_p2_data_p_1[23]_add_28_OUT<23 : 3> on block
   system_axi_hdmi_tx_16b_0_wrapper is not reconstructed, because there are some
   missing bus signals.
WARNING:NetListWriters:306 - Signal bus
   axi_hdmi_tx_16b_0/USER_LOGIC_I/i_hdmi_tx_16b/i_hdmi/i_csc/i_csc_Y/i_mul_c3/p1
   _data_p_2[23]_p1_data_p_3[23]_add_23_OUT<23 : 7> on block
   system_axi_hdmi_tx_16b_0_wrapper is not reconstructed, because there are some
   missing bus signals.
WARNING:NetListWriters:306 - Signal bus
   axi_hdmi_tx_16b_0/USER_LOGIC_I/i_hdmi_tx_16b/i_hdmi/i_csc/i_csc_Y/i_mul_c3/p2
   _data_p_1<23 : 7> on block system_axi_hdmi_tx_16b_0_wrapper is not
   reconstructed, because there are some missing bus signals.
WARNING:NetListWriters:306 - Signal bus
   axi_hdmi_tx_16b_0/USER_LOGIC_I/i_hdmi_tx_16b/i_hdmi/i_csc/i_csc_Cb/i_mul_c1/p
   2_data_p_0<17 : 3> on block system_axi_hdmi_tx_16b_0_wrapper is not
   reconstructed, because there are some missing bus signals.
WARNING:NetListWriters:306 - Signal bus
   axi_hdmi_tx_16b_0/USER_LOGIC_I/i_hdmi_tx_16b/i_hdmi/i_csc/i_csc_Cr/i_mul_c1/p
   1_data_p_2<21 : 4> on block system_axi_hdmi_tx_16b_0_wrapper is not
   reconstructed, because there are some missing bus signals.
WARNING:NetListWriters:306 - Signal bus
   axi_hdmi_tx_16b_0/USER_LOGIC_I/i_hdmi_tx_16b/i_hdmi/i_csc/i_csc_Cr/i_mul_c1/p
   1_data_p_0<17 : 0> on block system_axi_hdmi_tx_16b_0_wrapper is not
   reconstructed, because there are some missing bus signals.
WARNING:NetListWriters:306 - Signal bus
   axi_hdmi_tx_16b_0/USER_LOGIC_I/i_hdmi_tx_16b/i_hdmi/i_csc/i_csc_Cb/i_mul_c1/p
   1_data_p_0[23]_p1_data_p_4[23]_add_22_OUT<17 : 3> on block
   system_axi_hdmi_tx_16b_0_wrapper is not reconstructed, because there are some
   missing bus signals.
WARNING:NetListWriters:306 - Signal bus
   axi_hdmi_tx_16b_0/USER_LOGIC_I/i_hdmi_tx_16b/i_hdmi/i_csc/i_csc_Cb/i_mul_c1/p
   2_data_p_0[23]_p2_data_p_1[23]_add_28_OUT<23 : 3> on block
   system_axi_hdmi_tx_16b_0_wrapper is not reconstructed, because there are some
   missing bus signals.
WARNING:NetListWriters:306 - Signal bus
   axi_hdmi_tx_16b_0/USER_LOGIC_I/i_hdmi_tx_16b/i_hdmi/i_csc/i_csc_Cr/i_mul_c1/p
   1_data_p_3<23 : 6> on block system_axi_hdmi_tx_16b_0_wrapper is not
   reconstructed, because there are some missing bus signals.
WARNING:NetListWriters:306 - Signal bus
   axi_hdmi_tx_16b_0/USER_LOGIC_I/i_hdmi_tx_16b/i_hdmi/i_csc/i_csc_Cr/i_mul_c1/p
   1_data_p_1<19 : 2> on block system_axi_hdmi_tx_16b_0_wrapper is not
   reconstructed, because there are some missing bus signals.
WARNING:NetListWriters:306 - Signal bus
   axi_hdmi_tx_16b_0/USER_LOGIC_I/i_hdmi_tx_16b/i_hdmi/i_csc/i_csc_Cb/i_mul_c2/p
   2_data_p_0<18 : 1> on block system_axi_hdmi_tx_16b_0_wrapper is not
   reconstructed, because there are some missing bus signals.
WARNING:NetListWriters:306 - Signal bus
   axi_hdmi_tx_16b_0/USER_LOGIC_I/i_hdmi_tx_16b/i_hdmi/i_csc/i_csc_Cr/i_mul_c2/p
   1_data_p_0<17 : 1> on block system_axi_hdmi_tx_16b_0_wrapper is not
   reconstructed, because there are some missing bus signals.
WARNING:NetListWriters:306 - Signal bus
   axi_hdmi_tx_16b_0/USER_LOGIC_I/i_hdmi_tx_16b/i_hdmi/i_csc/i_csc_Cb/i_mul_c2/p
   1_data_p_0[23]_p1_data_p_4[23]_add_22_OUT<18 : 1> on block
   system_axi_hdmi_tx_16b_0_wrapper is not reconstructed, because there are some
   missing bus signals.
WARNING:NetListWriters:306 - Signal bus
   axi_hdmi_tx_16b_0/USER_LOGIC_I/i_hdmi_tx_16b/i_hdmi/i_csc/i_csc_Cb/i_mul_c2/p
   2_data_p_0[23]_p2_data_p_1[23]_add_28_OUT<23 : 1> on block
   system_axi_hdmi_tx_16b_0_wrapper is not reconstructed, because there are some
   missing bus signals.
WARNING:NetListWriters:306 - Signal bus
   axi_hdmi_tx_16b_0/USER_LOGIC_I/i_hdmi_tx_16b/i_hdmi/i_csc/i_csc_Cb/i_mul_c2/p
   1_data_p_2[23]_p1_data_p_3[23]_add_23_OUT<17 : 5> on block
   system_axi_hdmi_tx_16b_0_wrapper is not reconstructed, because there are some
   missing bus signals.
WARNING:NetListWriters:306 - Signal bus
   axi_hdmi_tx_16b_0/USER_LOGIC_I/i_hdmi_tx_16b/i_hdmi/i_csc/i_csc_Cb/i_mul_c2/p
   2_data_p_1<17 : 5> on block system_axi_hdmi_tx_16b_0_wrapper is not
   reconstructed, because there are some missing bus signals.
WARNING:NetListWriters:306 - Signal bus
   axi_hdmi_tx_16b_0/USER_LOGIC_I/i_hdmi_tx_16b/i_hdmi/i_csc/i_csc_Cb/i_mul_c3/p
   2_data_p_0<16 : 1> on block system_axi_hdmi_tx_16b_0_wrapper is not
   reconstructed, because there are some missing bus signals.
WARNING:NetListWriters:306 - Signal bus
   axi_hdmi_tx_16b_0/USER_LOGIC_I/i_hdmi_tx_16b/i_hdmi/i_csc/i_csc_Cr/i_mul_c3/p
   1_data_p_0<17 : 2> on block system_axi_hdmi_tx_16b_0_wrapper is not
   reconstructed, because there are some missing bus signals.
WARNING:NetListWriters:306 - Signal bus
   axi_hdmi_tx_16b_0/USER_LOGIC_I/i_hdmi_tx_16b/i_hdmi/i_csc/i_csc_Cb/i_mul_c3/p
   1_data_p_0[23]_p1_data_p_4[23]_add_22_OUT<16 : 1> on block
   system_axi_hdmi_tx_16b_0_wrapper is not reconstructed, because there are some
   missing bus signals.
WARNING:NetListWriters:306 - Signal bus
   axi_hdmi_tx_16b_0/USER_LOGIC_I/i_hdmi_tx_16b/i_hdmi/i_csc/i_csc_Cb/i_mul_c3/p
   2_data_p_0[23]_p2_data_p_1[23]_add_28_OUT<23 : 1> on block
   system_axi_hdmi_tx_16b_0_wrapper is not reconstructed, because there are some
   missing bus signals.
WARNING:NetListWriters:306 - Signal bus
   axi_hdmi_tx_16b_0/USER_LOGIC_I/i_hdmi_tx_16b/i_hdmi/i_csc/i_csc_Cb/i_mul_c3/p
   1_data_p_2[23]_p1_data_p_3[23]_add_23_OUT<18 : 5> on block
   system_axi_hdmi_tx_16b_0_wrapper is not reconstructed, because there are some
   missing bus signals.
WARNING:NetListWriters:306 - Signal bus
   axi_hdmi_tx_16b_0/USER_LOGIC_I/i_hdmi_tx_16b/i_hdmi/i_csc/i_csc_Cb/i_mul_c3/p
   2_data_p_1<18 : 5> on block system_axi_hdmi_tx_16b_0_wrapper is not
   reconstructed, because there are some missing bus signals.
WARNING:NetListWriters:306 - Signal bus
   axi_hdmi_tx_16b_0/USER_LOGIC_I/i_hdmi_tx_16b/i_hdmi/i_csc/i_csc_Cr/i_add_c4/p
   2_data_0<24 : 0> on block system_axi_hdmi_tx_16b_0_wrapper is not
   reconstructed, because there are some missing bus signals.
WARNING:NetListWriters:306 - Signal bus
   axi_hdmi_tx_16b_0/USER_LOGIC_I/i_hdmi_tx_16b/i_hdmi/i_csc/i_csc_Cr/i_add_c4/p
   1_data_2<24 : 1> on block system_axi_hdmi_tx_16b_0_wrapper is not
   reconstructed, because there are some missing bus signals.
WARNING:NetListWriters:306 - Signal bus
   axi_hdmi_tx_16b_0/USER_LOGIC_I/i_hdmi_tx_16b/i_hdmi/i_csc/i_csc_Cr/i_add_c4/p
   1_data_1<23 : 0> on block system_axi_hdmi_tx_16b_0_wrapper is not
   reconstructed, because there are some missing bus signals.
WARNING:NetListWriters:306 - Signal bus
   axi_hdmi_tx_16b_0/USER_LOGIC_I/i_hdmi_tx_16b/i_hdmi/i_csc/i_csc_Cr/i_add_c4/p
   1_data_3<24 : 2> on block system_axi_hdmi_tx_16b_0_wrapper is not
   reconstructed, because there are some missing bus signals.
WARNING:NetListWriters:306 - Signal bus
   axi_hdmi_tx_16b_0/USER_LOGIC_I/i_hdmi_tx_16b/i_hdmi/i_csc/i_csc_Cr/i_add_c4/p
   1_data_3_n_s<24 : 2> on block system_axi_hdmi_tx_16b_0_wrapper is not
   reconstructed, because there are some missing bus signals.
WARNING:NetListWriters:306 - Signal bus
   axi_hdmi_tx_16b_0/USER_LOGIC_I/i_hdmi_tx_16b/i_hdmi/i_csc/i_csc_Cr/i_add_c4/p
   1_data_2_n_s<24 : 1> on block system_axi_hdmi_tx_16b_0_wrapper is not
   reconstructed, because there are some missing bus signals.
WARNING:NetListWriters:306 - Signal bus
   axi_hdmi_tx_16b_0/USER_LOGIC_I/i_hdmi_tx_16b/i_hdmi/i_csc/i_csc_Cr/i_add_c4/p
   2_data_0[24]_p2_data_1[24]_add_33_OUT<24 : 12> on block
   system_axi_hdmi_tx_16b_0_wrapper is not reconstructed, because there are some
   missing bus signals.
WARNING:NetListWriters:306 - Signal bus
   axi_hdmi_tx_16b_0/USER_LOGIC_I/i_hdmi_tx_16b/i_hdmi/i_csc/i_csc_Cr/i_add_c4/p
   1_data_3[24]_p1_data_4[24]_add_28_OUT<24 : 2> on block
   system_axi_hdmi_tx_16b_0_wrapper is not reconstructed, because there are some
   missing bus signals.
WARNING:NetListWriters:306 - Signal bus
   axi_hdmi_tx_16b_0/USER_LOGIC_I/i_hdmi_tx_16b/i_hdmi/i_csc/i_csc_Cr/i_add_c4/p
   1_data_1[24]_p1_data_2[24]_add_27_OUT<24 : 0> on block
   system_axi_hdmi_tx_16b_0_wrapper is not reconstructed, because there are some
   missing bus signals.
WARNING:NetListWriters:306 - Signal bus
   axi_hdmi_tx_16b_0/USER_LOGIC_I/i_hdmi_tx_16b/i_hdmi/i_csc/i_csc_Cr/i_add_c4/p
   1_data_3_s<24 : 2> on block system_axi_hdmi_tx_16b_0_wrapper is not
   reconstructed, because there are some missing bus signals.
WARNING:NetListWriters:306 - Signal bus
   axi_hdmi_tx_16b_0/USER_LOGIC_I/i_hdmi_tx_16b/i_hdmi/i_csc/i_csc_Cr/i_add_c4/p
   1_data_2_s<24 : 1> on block system_axi_hdmi_tx_16b_0_wrapper is not
   reconstructed, because there are some missing bus signals.
WARNING:NetListWriters:306 - Signal bus
   axi_hdmi_tx_16b_0/USER_LOGIC_I/i_hdmi_tx_16b/i_hdmi/i_csc/i_csc_Cr/i_add_c4/p
   3_data<24 : 12> on block system_axi_hdmi_tx_16b_0_wrapper is not
   reconstructed, because there are some missing bus signals.
WARNING:NetListWriters:306 - Signal bus
   axi_hdmi_tx_16b_0/USER_LOGIC_I/i_hdmi_tx_16b/i_hdmi/i_csc/i_csc_Cr/i_add_c4/p
   2_data_1<24 : 2> on block system_axi_hdmi_tx_16b_0_wrapper is not
   reconstructed, because there are some missing bus signals.
WARNING:NetListWriters:306 - Signal bus
   axi_hdmi_tx_16b_0/USER_LOGIC_I/i_hdmi_tx_16b/i_hdmi/i_csc/i_csc_Y/i_add_c4/p1
   _data_1<23 : 2> on block system_axi_hdmi_tx_16b_0_wrapper is not
   reconstructed, because there are some missing bus signals.
WARNING:NetListWriters:306 - Signal bus
   axi_hdmi_tx_16b_0/USER_LOGIC_I/i_hdmi_tx_16b/i_hdmi/i_csc/i_csc_Y/i_add_c4/p1
   _data_3<23 : 1> on block system_axi_hdmi_tx_16b_0_wrapper is not
   reconstructed, because there are some missing bus signals.
WARNING:NetListWriters:306 - Signal bus
   axi_hdmi_tx_16b_0/USER_LOGIC_I/i_hdmi_tx_16b/i_hdmi/i_csc/i_csc_Y/i_add_c4/p1
   _data_3[24]_p1_data_4[24]_add_28_OUT<24 : 1> on block
   system_axi_hdmi_tx_16b_0_wrapper is not reconstructed, because there are some
   missing bus signals.
WARNING:NetListWriters:306 - Signal bus
   axi_hdmi_tx_16b_0/USER_LOGIC_I/i_hdmi_tx_16b/i_hdmi/i_csc/i_csc_Y/i_add_c4/p1
   _data_1[24]_p1_data_2[24]_add_27_OUT<24 : 1> on block
   system_axi_hdmi_tx_16b_0_wrapper is not reconstructed, because there are some
   missing bus signals.
WARNING:NetListWriters:306 - Signal bus
   axi_hdmi_tx_16b_0/USER_LOGIC_I/i_hdmi_tx_16b/i_hdmi/i_csc/i_csc_Y/i_add_c4/p2
   _data_1<24 : 1> on block system_axi_hdmi_tx_16b_0_wrapper is not
   reconstructed, because there are some missing bus signals.
WARNING:NetListWriters:306 - Signal bus
   axi_hdmi_tx_16b_0/USER_LOGIC_I/i_hdmi_tx_16b/i_hdmi/i_csc/i_csc_Y/i_add_c4/p2
   _data_0<24 : 1> on block system_axi_hdmi_tx_16b_0_wrapper is not
   reconstructed, because there are some missing bus signals.
WARNING:NetListWriters:306 - Signal bus
   axi_hdmi_tx_16b_0/USER_LOGIC_I/i_hdmi_tx_16b/i_hdmi/i_csc/i_csc_Y/i_add_c4/p1
   _data_2<23 : 5> on block system_axi_hdmi_tx_16b_0_wrapper is not
   reconstructed, because there are some missing bus signals.
WARNING:NetListWriters:306 - Signal bus
   axi_hdmi_tx_16b_0/USER_LOGIC_I/i_hdmi_tx_16b/i_hdmi/i_csc/i_csc_Cb/i_add_c4/p
   1_data_3<23 : 0> on block system_axi_hdmi_tx_16b_0_wrapper is not
   reconstructed, because there are some missing bus signals.
WARNING:NetListWriters:306 - Signal bus
   axi_hdmi_tx_16b_0/USER_LOGIC_I/i_hdmi_tx_16b/i_hdmi/i_csc/i_csc_Cb/i_add_c4/p
   1_data_2_n_s<24 : 1> on block system_axi_hdmi_tx_16b_0_wrapper is not
   reconstructed, because there are some missing bus signals.
WARNING:NetListWriters:306 - Signal bus
   axi_hdmi_tx_16b_0/USER_LOGIC_I/i_hdmi_tx_16b/i_hdmi/i_csc/i_csc_Cb/i_add_c4/p
   1_data_1_n_s<24 : 1> on block system_axi_hdmi_tx_16b_0_wrapper is not
   reconstructed, because there are some missing bus signals.
WARNING:NetListWriters:306 - Signal bus
   axi_hdmi_tx_16b_0/USER_LOGIC_I/i_hdmi_tx_16b/i_hdmi/i_csc/i_csc_Cb/i_add_c4/p
   1_data_3[24]_p1_data_4[24]_add_28_OUT<24 : 0> on block
   system_axi_hdmi_tx_16b_0_wrapper is not reconstructed, because there are some
   missing bus signals.
WARNING:NetListWriters:306 - Signal bus
   axi_hdmi_tx_16b_0/USER_LOGIC_I/i_hdmi_tx_16b/i_hdmi/i_csc/i_csc_Cb/i_add_c4/p
   1_data_1[24]_p1_data_2[24]_add_27_OUT<24 : 0> on block
   system_axi_hdmi_tx_16b_0_wrapper is not reconstructed, because there are some
   missing bus signals.
WARNING:NetListWriters:306 - Signal bus
   axi_hdmi_tx_16b_0/USER_LOGIC_I/i_hdmi_tx_16b/i_hdmi/i_csc/i_csc_Cb/i_add_c4/p
   1_data_2_s<24 : 1> on block system_axi_hdmi_tx_16b_0_wrapper is not
   reconstructed, because there are some missing bus signals.
WARNING:NetListWriters:306 - Signal bus
   axi_hdmi_tx_16b_0/USER_LOGIC_I/i_hdmi_tx_16b/i_hdmi/i_csc/i_csc_Cb/i_add_c4/p
   1_data_1_s<24 : 1> on block system_axi_hdmi_tx_16b_0_wrapper is not
   reconstructed, because there are some missing bus signals.
WARNING:NetListWriters:306 - Signal bus
   axi_hdmi_tx_16b_0/USER_LOGIC_I/i_hdmi_tx_16b/i_hdmi/i_csc/i_csc_Cb/i_add_c4/p
   2_data_1<24 : 0> on block system_axi_hdmi_tx_16b_0_wrapper is not
   reconstructed, because there are some missing bus signals.
WARNING:NetListWriters:306 - Signal bus
   axi_hdmi_tx_16b_0/USER_LOGIC_I/i_hdmi_tx_16b/i_hdmi/i_csc/i_csc_Cb/i_add_c4/p
   2_data_0<24 : 0> on block system_axi_hdmi_tx_16b_0_wrapper is not
   reconstructed, because there are some missing bus signals.
WARNING:NetListWriters:306 - Signal bus
   axi_hdmi_tx_16b_0/USER_LOGIC_I/i_hdmi_tx_16b/i_hdmi/i_csc/i_csc_Cb/i_add_c4/p
   1_data_2<24 : 1> on block system_axi_hdmi_tx_16b_0_wrapper is not
   reconstructed, because there are some missing bus signals.
WARNING:NetListWriters:306 - Signal bus
   axi_hdmi_tx_16b_0/USER_LOGIC_I/i_hdmi_tx_16b/i_hdmi/i_csc/i_csc_Cb/i_add_c4/p
   1_data_1<24 : 1> on block system_axi_hdmi_tx_16b_0_wrapper is not
   reconstructed, because there are some missing bus signals.
WARNING:NetListWriters:306 - Signal bus
   axi_hdmi_tx_16b_0/USER_LOGIC_I/i_hdmi_tx_16b/i_hdmi/i_ss/s444_data_2d<23 : 0>
   on block system_axi_hdmi_tx_16b_0_wrapper is not reconstructed, because there
   are some missing bus signals.
  finished :Prep
Writing EDIF netlist file system_axi_hdmi_tx_16b_0_wrapper.edif ...
ngc2edif: Total memory usage is 4335860 kilobytes

Release 14.7 - ngc2edif P_INT.20180726 (nt64)
Copyright (c) 1995-2013 Xilinx, Inc.  All rights reserved.
Reading design system_axi_dma_0_wrapper.ngc ...
WARNING:NetListWriters:298 - No output is written to
   system_axi_dma_0_wrapper.xncf, ignored.
Processing design ...
   Preping design's networks ...
   Preping design's macros ...
WARNING:NetListWriters:306 - Signal bus
   axi_dma_0/GEN_SG_ENGINE.I_SG_ENGINE/I_SG_AXI_DATAMOVER/GEN_S2MM_BASIC.I_S2MM_
   BASIC_WRAPPER/I_S2MM_MMAP_SKID_BUF/sig_data_reg_out<31 : 0> on block
   system_axi_dma_0_wrapper is not reconstructed, because there are some missing
   bus signals.
WARNING:NetListWriters:306 - Signal bus
   axi_dma_0/GEN_SG_ENGINE.I_SG_ENGINE/I_SG_AXI_DATAMOVER/GEN_MM2S_BASIC.I_MM2S_
   BASIC_WRAPPER/I_ADDR_CNTL/sig_next_len_reg<4 : 2> on block
   system_axi_dma_0_wrapper is not reconstructed, because there are some missing
   bus signals.
WARNING:NetListWriters:306 - Signal bus
   axi_dma_0/I_MM2S_DMA_MNGR/GEN_MM2S_DMA_CONTROL.I_MM2S_CMDSTS/s_axis_mm2s_cmd_
   tdata<65 : 0> on block system_axi_dma_0_wrapper is not reconstructed, because
   there are some missing bus signals.
WARNING:NetListWriters:306 - Signal bus
   axi_dma_0/I_MM2S_DMA_MNGR/GEN_MM2S_DMA_CONTROL.GEN_SCATTER_GATHER_MODE.I_MM2S
   _SG_IF/updt_desc_reg2<32 : 0> on block system_axi_dma_0_wrapper is not
   reconstructed, because there are some missing bus signals.
WARNING:NetListWriters:306 - Signal bus
   axi_dma_0/I_PRMRY_DATAMOVER/GEN_MM2S_FULL.I_MM2S_FULL_WRAPPER/I_CMD_STATUS/GE
   N_INCLUDE_STATUS_FIFO.I_STS_FIFO/USE_SINGLE_REG.sig_regfifo_dout_reg<7 : 0>
   on block system_axi_dma_0_wrapper is not reconstructed, because there are
   some missing bus signals.
WARNING:NetListWriters:306 - Signal bus
   axi_dma_0/I_AXI_DMA_REG_MODULE/GEN_MM2S_REGISTERS.I_MM2S_DMA_REGISTER/dmacr_i
   <2 : 0> on block system_axi_dma_0_wrapper is not reconstructed, because there
   are some missing bus signals.
WARNING:NetListWriters:306 - Signal bus
   axi_dma_0/GEN_SG_ENGINE.I_SG_ENGINE/GEN_DESC_UPDATE.I_SG_UPDATE_MNGR/I_UPDT_C
   MDSTS_IF/s_axis_updt_cmd_tdata<63 : 2> on block system_axi_dma_0_wrapper is
   not reconstructed, because there are some missing bus signals.
WARNING:NetListWriters:306 - Signal bus
   axi_dma_0/GEN_SG_ENGINE.I_SG_ENGINE/s_axis_s2mm_tdata<31 : 0> on block
   system_axi_dma_0_wrapper is not reconstructed, because there are some missing
   bus signals.
WARNING:NetListWriters:306 - Signal bus
   axi_dma_0/GEN_SG_ENGINE.I_SG_ENGINE/I_SG_FETCH_MNGR/I_FTCH_SG/ftch_cmnd_data<
   63 : 5> on block system_axi_dma_0_wrapper is not reconstructed, because there
   are some missing bus signals.
WARNING:NetListWriters:306 - Signal bus
   axi_dma_0/GEN_SG_ENGINE.I_SG_ENGINE/I_SG_FETCH_MNGR/I_FTCH_CMDSTS_IF/s_axis_f
   tch_cmd_tdata<63 : 5> on block system_axi_dma_0_wrapper is not reconstructed,
   because there are some missing bus signals.
WARNING:NetListWriters:306 - Signal bus
   axi_dma_0/GEN_SG_ENGINE.I_SG_ENGINE/I_SG_AXI_DATAMOVER/GEN_MM2S_BASIC.I_MM2S_
   BASIC_WRAPPER/sig_mstr2addr_len<4 : 2> on block system_axi_dma_0_wrapper is
   not reconstructed, because there are some missing bus signals.
WARNING:NetListWriters:306 - Signal bus
   axi_dma_0/GEN_SG_ENGINE.I_SG_ENGINE/I_SG_AXI_DATAMOVER/GEN_MM2S_BASIC.I_MM2S_
   BASIC_WRAPPER/I_CMD_STATUS/I_CMD_FIFO/USE_SINGLE_REG.sig_regfifo_dout_reg<63
   : 5> on block system_axi_dma_0_wrapper is not reconstructed, because there
   are some missing bus signals.
WARNING:NetListWriters:306 - Signal bus
   axi_dma_0/GEN_SG_ENGINE.I_SG_ENGINE/GEN_DESC_UPDATE.I_SG_UPDATE_MNGR/I_UPDT_S
   G/updt_cmnd_data<37 : 2> on block system_axi_dma_0_wrapper is not
   reconstructed, because there are some missing bus signals.
WARNING:NetListWriters:306 - Signal bus
   axi_dma_0/I_AXI_DMA_REG_MODULE/GEN_AXI_LITE_IF.AXI_LITE_IF_I/axi2ip_wrdata<31
   : 0> on block system_axi_dma_0_wrapper is not reconstructed, because there
   are some missing bus signals.
WARNING:NetListWriters:306 - Signal bus
   axi_dma_0/I_AXI_DMA_REG_MODULE/GEN_AXI_LITE_IF.AXI_LITE_IF_I/axi2ip_wrce<4 :
   0> on block system_axi_dma_0_wrapper is not reconstructed, because there are
   some missing bus signals.
WARNING:NetListWriters:306 - Signal bus
   axi_dma_0/I_AXI_DMA_REG_MODULE/GEN_AXI_LITE_IF.AXI_LITE_IF_I/wrce<4 : 0> on
   block system_axi_dma_0_wrapper is not reconstructed, because there are some
   missing bus signals.
WARNING:NetListWriters:306 - Signal bus
   axi_dma_0/I_AXI_DMA_REG_MODULE/GEN_AXI_LITE_IF.AXI_LITE_IF_I/axi2ip_wrdata_i<
   31 : 0> on block system_axi_dma_0_wrapper is not reconstructed, because there
   are some missing bus signals.
WARNING:NetListWriters:306 - Signal bus
   axi_dma_0/I_AXI_DMA_REG_MODULE/GEN_AXI_LITE_IF.AXI_LITE_IF_I/wdata<31 : 0> on
   block system_axi_dma_0_wrapper is not reconstructed, because there are some
   missing bus signals.
WARNING:NetListWriters:306 - Signal bus
   axi_dma_0/GEN_SG_ENGINE.I_SG_ENGINE/I_SG_AXI_DATAMOVER/GEN_S2MM_BASIC.I_S2MM_
   BASIC_WRAPPER/I_S2MM_STRM_SKID_BUF/sig_data_skid_reg<31 : 0> on block
   system_axi_dma_0_wrapper is not reconstructed, because there are some missing
   bus signals.
WARNING:NetListWriters:306 - Signal bus
   axi_dma_0/GEN_SG_ENGINE.I_SG_ENGINE/I_SG_AXI_DATAMOVER/GEN_S2MM_BASIC.I_S2MM_
   BASIC_WRAPPER/I_S2MM_STRM_SKID_BUF/sig_data_skid_mux_out<31 : 0> on block
   system_axi_dma_0_wrapper is not reconstructed, because there are some missing
   bus signals.
WARNING:NetListWriters:306 - Signal bus
   axi_dma_0/GEN_SG_ENGINE.I_SG_ENGINE/I_SG_AXI_DATAMOVER/GEN_S2MM_BASIC.I_S2MM_
   BASIC_WRAPPER/I_S2MM_STRM_SKID_BUF/sig_data_reg_out<31 : 0> on block
   system_axi_dma_0_wrapper is not reconstructed, because there are some missing
   bus signals.
WARNING:NetListWriters:306 - Signal bus
   axi_dma_0/GEN_SG_ENGINE.I_SG_ENGINE/I_SG_AXI_DATAMOVER/GEN_S2MM_BASIC.I_S2MM_
   BASIC_WRAPPER/I_CMD_STATUS/I_CMD_FIFO/USE_SINGLE_REG.sig_regfifo_dout_reg<63
   : 2> on block system_axi_dma_0_wrapper is not reconstructed, because there
   are some missing bus signals.
WARNING:NetListWriters:306 - Signal bus
   axi_dma_0/GEN_SG_ENGINE.I_SG_ENGINE/I_SG_AXI_DATAMOVER/GEN_S2MM_BASIC.I_S2MM_
   BASIC_WRAPPER/I_S2MM_MMAP_SKID_BUF/sig_data_skid_mux_out<31 : 0> on block
   system_axi_dma_0_wrapper is not reconstructed, because there are some missing
   bus signals.
WARNING:NetListWriters:306 - Signal bus
   axi_dma_0/GEN_SG_ENGINE.I_SG_ENGINE/I_SG_AXI_DATAMOVER/GEN_S2MM_BASIC.I_S2MM_
   BASIC_WRAPPER/I_S2MM_MMAP_SKID_BUF/sig_data_skid_reg<31 : 0> on block
   system_axi_dma_0_wrapper is not reconstructed, because there are some missing
   bus signals.
WARNING:NetListWriters:306 - Signal bus
   axi_dma_0/GEN_SG_ENGINE.I_SG_ENGINE/I_SG_FETCH_MNGR/I_FTCH_CMDSTS_IF/s_axis_f
   tch_cmd_tdata[71]_ftch_cmnd_data[71]_mux_1_OUT<63 : 5> on block
   system_axi_dma_0_wrapper is not reconstructed, because there are some missing
   bus signals.
WARNING:NetListWriters:306 - Signal bus
   axi_dma_0/GEN_SG_ENGINE.I_SG_ENGINE/GEN_DESC_UPDATE.I_SG_UPDATE_MNGR/I_UPDT_S
   G/Mmux_update_address[31]_ch1_updt_curdesc[31]_mux_22_OUT_rs_A<31 : 0> on
   block system_axi_dma_0_wrapper is not reconstructed, because there are some
   missing bus signals.
WARNING:NetListWriters:306 - Signal bus
   axi_dma_0/GEN_SG_ENGINE.I_SG_ENGINE/GEN_DESC_UPDATE.I_SG_UPDATE_MNGR/I_UPDT_C
   MDSTS_IF/s_axis_updt_cmd_tdata[71]_updt_cmnd_data[71]_mux_1_OUT<63 : 2> on
   block system_axi_dma_0_wrapper is not reconstructed, because there are some
   missing bus signals.
WARNING:NetListWriters:306 - Signal bus
   axi_dma_0/I_PRMRY_DATAMOVER/GEN_MM2S_FULL.I_MM2S_FULL_WRAPPER/I_CMD_STATUS/I_
   CMD_FIFO/USE_SINGLE_REG.sig_regfifo_dout_reg<63 : 0> on block
   system_axi_dma_0_wrapper is not reconstructed, because there are some missing
   bus signals.
WARNING:NetListWriters:306 - Signal bus
   axi_dma_0/I_PRMRY_DATAMOVER/GEN_MM2S_FULL.I_MM2S_FULL_WRAPPER/I_RD_DATA_CNTL/
   sig_cmd_fifo_data_out<26 : 0> on block system_axi_dma_0_wrapper is not
   reconstructed, because there are some missing bus signals.
WARNING:NetListWriters:306 - Signal bus
   axi_dma_0/I_PRMRY_DATAMOVER/GEN_MM2S_FULL.I_MM2S_FULL_WRAPPER/I_MSTR_PCC/sig_
   xfer_end_strb_im2<3 : 1> on block system_axi_dma_0_wrapper is not
   reconstructed, because there are some missing bus signals.
WARNING:NetListWriters:306 - Signal bus
   axi_dma_0/I_PRMRY_DATAMOVER/GEN_MM2S_FULL.I_MM2S_FULL_WRAPPER/I_ADDR_CNTL/sig
   _aq_fifo_data_out<50 : 4> on block system_axi_dma_0_wrapper is not
   reconstructed, because there are some missing bus signals.
WARNING:NetListWriters:306 - Signal bus
   axi_dma_0/I_MM2S_DMA_MNGR/GEN_MM2S_DMA_CONTROL.GEN_SCATTER_GATHER_MODE.I_MM2S
   _SM/mm2s_cmnd_data<63 : 0> on block system_axi_dma_0_wrapper is not
   reconstructed, because there are some missing bus signals.
WARNING:NetListWriters:306 - Signal bus
   axi_dma_0/I_MM2S_DMA_MNGR/GEN_MM2S_DMA_CONTROL.GEN_SCATTER_GATHER_MODE.I_MM2S
   _SG_IF/desc_reg6<27 : 0> on block system_axi_dma_0_wrapper is not
   reconstructed, because there are some missing bus signals.
WARNING:NetListWriters:306 - Signal bus
   axi_dma_0/I_MM2S_DMA_MNGR/GEN_MM2S_DMA_CONTROL.I_MM2S_CMDSTS/s_axis_mm2s_cmd_
   tdata[71]_mm2s_cmnd_data[71]_mux_1_OUT<65 : 0> on block
   system_axi_dma_0_wrapper is not reconstructed, because there are some missing
   bus signals.
  finished :Prep
Writing EDIF netlist file system_axi_dma_0_wrapper.edif ...
ngc2edif: Total memory usage is 4333812 kilobytes

Release 14.7 - ngc2edif P_INT.20180726 (nt64)
Copyright (c) 1995-2013 Xilinx, Inc.  All rights reserved.
Reading design system_axi_clkgen_0_wrapper.ngc ...
WARNING:NetListWriters:298 - No output is written to
   system_axi_clkgen_0_wrapper.xncf, ignored.
Processing design ...
   Preping design's networks ...
   Preping design's macros ...
WARNING:NetListWriters:306 - Signal bus axi_clkgen_0/ipif_Bus2IP_WrCE<31 : 0> on
   block system_axi_clkgen_0_wrapper is not reconstructed, because there are
   some missing bus signals.
WARNING:NetListWriters:306 - Signal bus axi_clkgen_0/ipif_Bus2IP_RdCE<20 : 1> on
   block system_axi_clkgen_0_wrapper is not reconstructed, because there are
   some missing bus signals.
WARNING:NetListWriters:306 - Signal bus axi_clkgen_0/USER_LOGIC_I/up_rwce_s<27 :
   0> on block system_axi_clkgen_0_wrapper is not reconstructed, because there
   are some missing bus signals.
WARNING:NetListWriters:306 - Signal bus
   axi_clkgen_0/USER_LOGIC_I/i_clkgen/mmcm_rdata<15 : 0> on block
   system_axi_clkgen_0_wrapper is not reconstructed, because there are some
   missing bus signals.
WARNING:NetListWriters:306 - Signal bus
   axi_clkgen_0/USER_LOGIC_I/i_clkgen/mmcm_rdata_s<15 : 0> on block
   system_axi_clkgen_0_wrapper is not reconstructed, because there are some
   missing bus signals.
  finished :Prep
Writing EDIF netlist file system_axi_clkgen_0_wrapper.edif ...
ngc2edif: Total memory usage is 4326644 kilobytes

Release 14.7 - ngc2edif P_INT.20180726 (nt64)
Copyright (c) 1995-2013 Xilinx, Inc.  All rights reserved.
Reading design system_axi_ahblite_bridge_0_wrapper.ngc ...
WARNING:NetListWriters:298 - No output is written to
   system_axi_ahblite_bridge_0_wrapper.xncf, ignored.
Processing design ...
   Preping design's networks ...
   Preping design's macros ...
WARNING:NetListWriters:306 - Signal bus
   axi_ahblite_bridge_0/AXI_SLV_IF_MODULE/axi_cache<3 : 0> on block
   system_axi_ahblite_bridge_0_wrapper is not reconstructed, because there are
   some missing bus signals.
WARNING:NetListWriters:306 - Signal bus
   axi_ahblite_bridge_0/AXI_SLV_IF_MODULE/axi_prot<2 : 0> on block
   system_axi_ahblite_bridge_0_wrapper is not reconstructed, because there are
   some missing bus signals.
WARNING:NetListWriters:306 - Signal bus
   axi_ahblite_bridge_0/AXI_SLV_IF_MODULE/axi_cache[3]_S_AXI_AWCACHE[3]_mux_25_O
   UT<3 : 0> on block system_axi_ahblite_bridge_0_wrapper is not reconstructed,
   because there are some missing bus signals.
WARNING:NetListWriters:306 - Signal bus
   axi_ahblite_bridge_0/AXI_SLV_IF_MODULE/axi_prot[2]_S_AXI_AWPROT[2]_mux_21_OUT
   <2 : 0> on block system_axi_ahblite_bridge_0_wrapper is not reconstructed,
   because there are some missing bus signals.
WARNING:NetListWriters:306 - Signal bus
   axi_ahblite_bridge_0/AHB_MSTR_IF_MODULE/axi_length_burst<10 : 2> on block
   system_axi_ahblite_bridge_0_wrapper is not reconstructed, because there are
   some missing bus signals.
  finished :Prep
Writing EDIF netlist file system_axi_ahblite_bridge_0_wrapper.edif ...
ngc2edif: Total memory usage is 4325620 kilobytes

